<?xml version="1.0" encoding="UTF-8"?>
<!-- Generated by org.testng.reporters.JUnitXMLReporter -->
<testsuite hostname="BANL149add40f.local" name="Default test" tests="5" failures="0" timestamp="18 Sep 2016 11:53:04 GMT" time="46.82" errors="0">
  <testcase name="testlogin" time="10.423" classname="com.companyname.projectname.testscripts.TC001_testLoginThroughDataProvider"/>
  <testcase name="testlogin" time="9.263" classname="com.companyname.projectname.testscripts.TC001_testLoginThroughDataProvider"/>
  <testcase name="testlogin" time="0.003" classname="com.companyname.projectname.testscripts.TC001_testLoginThroughDataProvider">
    <skipped/>
  </testcase> <!-- testlogin -->
  <testcase name="testlogin" time="8.978" classname="com.companyname.projectname.testscripts.TC001_testLoginThroughDataProvider"/>
  <testcase name="testlogin" time="8.421" classname="com.companyname.projectname.testscripts.TC001_testLoginThroughDataProvider"/>
</testsuite> <!-- Default test -->
