<?xml version="1.0" encoding="UTF-8"?>
<!-- Generated by org.testng.reporters.JUnitXMLReporter -->
<testsuite hostname="BANL149add40f.local" name="Default test"
	tests="4" failures="0" timestamp="21 Sep 2016 16:54:51 GMT" time="0.066"
	errors="0">
	<testcase name="testReport1" time="0.022"
		classname="com.companyname.projectname.testscripts.Test1" />
	<testcase name="testReport2" time="0.003"
		classname="com.companyname.projectname.testscripts.Test1" />
	<testcase name="testReport3" time="0.004"
		classname="com.companyname.projectname.testscripts.Test1" />
	<testcase name="testReport4" time="0.004"
		classname="com.companyname.projectname.testscripts.Test1" />
</testsuite> <!-- Default test -->
