<?xml version="1.0" encoding="UTF-8"?>
<testsuite name="TestSuite" time="27.651" tests="3" errors="0" skipped="0" failures="1">
  <properties>
[...]
</properties>
  <testcase name="testlogin" classname="com.companyname.projectname.testscripts.TC001_testLogin" time="7.001"/>
  <testcase name="testRegistraionWithValidData" classname="com.companyname.projectname.testscripts.TC002_testRegistraion" time="14.441">
    <failure message="Registration test is fail expected [true] but found [false]" type="java.lang.AssertionError">java.lang.AssertionError: Registration test is fail expected [true] but found [false]
	at org.testng.Assert.fail(Assert.java:94)
	at org.testng.Assert.failNotEquals(Assert.java:494)
	at org.testng.Assert.assertTrue(Assert.java:42)
	at com.companyname.projectname.testscripts.TC002_testRegistraion.testRegistraionWithValidData(TC002_testRegistraion.java:49)
</failure>
    <system-err><![CDATA[Sep 01, 2016 2:07:18 PM com.companyname.projectname.pagelibrary.SignIn clickonSignIn
INFO: clicking on sign in link
Sep 01, 2016 2:07:18 PM com.companyname.projectname.pagelibrary.SignIn enterEmailAddressToCraeteAccount
INFO: entering email address to create an account
Sep 01, 2016 2:07:20 PM com.companyname.projectname.pagelibrary.SignIn clickOnCreateAnAccoun
INFO: Clicking on create an account
Sep 01, 2016 2:07:22 PM com.companyname.projectname.pagelibrary.CreateAnAccount selectMrRadionButton
INFO: selecting Mr Radion Button
Sep 01, 2016 2:07:22 PM com.companyname.projectname.pagelibrary.CreateAnAccount enterFirstName
INFO: entering first name
Sep 01, 2016 2:07:22 PM com.companyname.projectname.pagelibrary.CreateAnAccount enterLastName
INFO: entering last name
Sep 01, 2016 2:07:22 PM com.companyname.projectname.pagelibrary.CreateAnAccount enterPassowrd
INFO: entering password
Sep 01, 2016 2:07:22 PM com.companyname.projectname.pagelibrary.CreateAnAccount selectDaysInDropDown
INFO: clicking on day drop down
Sep 01, 2016 2:07:23 PM com.companyname.projectname.pagelibrary.CreateAnAccount selectDaysInDropDown
INFO: selecting day in day day drop down
Sep 01, 2016 2:07:23 PM com.companyname.projectname.pagelibrary.CreateAnAccount selectMonthInDropDown
INFO: clicking on month drop down
Sep 01, 2016 2:07:25 PM com.companyname.projectname.pagelibrary.CreateAnAccount selectMonthInDropDown
INFO: selecting month in month drop down
Sep 01, 2016 2:07:25 PM com.companyname.projectname.pagelibrary.CreateAnAccount selectYearInDropDown
INFO: clicking on year drop down
Sep 01, 2016 2:07:26 PM com.companyname.projectname.pagelibrary.CreateAnAccount selectYearInDropDown
INFO: clickin on year option
Sep 01, 2016 2:07:27 PM com.companyname.projectname.pagelibrary.CreateAnAccount enterYourAddressFirstName
INFO: entering your address first name
Sep 01, 2016 2:07:27 PM com.companyname.projectname.pagelibrary.CreateAnAccount enterYourAddressLastName
INFO: entering your address lastname name
Sep 01, 2016 2:07:27 PM com.companyname.projectname.pagelibrary.CreateAnAccount enterYourAddressPrimary
INFO: entering your primary Address
Sep 01, 2016 2:07:27 PM com.companyname.projectname.pagelibrary.CreateAnAccount enterYourAddressSecondry
INFO: entering your secondry Address
Sep 01, 2016 2:07:27 PM com.companyname.projectname.pagelibrary.CreateAnAccount enterYourAddressCityName
INFO: entering your Address city name
Sep 01, 2016 2:07:27 PM com.companyname.projectname.pagelibrary.CreateAnAccount selectYourAddressState
INFO: clicking on your Address State Drop Down
Sep 01, 2016 2:07:27 PM com.companyname.projectname.pagelibrary.CreateAnAccount enterYourAddressZipCode
INFO: entering your Address zip code
Sep 01, 2016 2:07:27 PM com.companyname.projectname.pagelibrary.CreateAnAccount selectYourAddressCountry
INFO: clicking on your Address Country Name
Sep 01, 2016 2:07:28 PM com.companyname.projectname.pagelibrary.CreateAnAccount selectYourAddressCountry
INFO: selecting Country Name
Sep 01, 2016 2:07:28 PM com.companyname.projectname.pagelibrary.CreateAnAccount enterYourAddressMobilePhone
INFO: entering your Address phone nummber
Sep 01, 2016 2:07:28 PM com.companyname.projectname.pagelibrary.CreateAnAccount clickOnRegister
INFO: clicking on register
]]></system-err>
  </testcase>
  <testcase name="testRegistraionWithInvalidData" classname="com.companyname.projectname.testscripts.TC002_testRegistraion" time="6.209"/>
</testsuite>