<?xml version="1.0" encoding="UTF-8"?>
<!-- Generated by org.testng.reporters.JUnitXMLReporter -->
<testsuite hostname="BANL149add40f.local" name="Test" tests="4"
	failures="0" timestamp="21 Sep 2016 17:00:27 GMT" time="0.06" errors="0">
	<testcase name="testReport1" time="0.021"
		classname="com.companyname.projectname.testscripts.Test1" />
	<testcase name="testReport2" time="0.005"
		classname="com.companyname.projectname.testscripts.Test1" />
	<testcase name="testReport3" time="0.003"
		classname="com.companyname.projectname.testscripts.Test1" />
	<testcase name="testReport4" time="0.003"
		classname="com.companyname.projectname.testscripts.Test1" />
</testsuite> <!-- Test -->
