<?xml version="1.0" encoding="UTF-8"?>
<!-- Generated by org.testng.reporters.JUnitXMLReporter -->
<testsuite hostname="BANL149add40f.local" name="Test" tests="3" failures="1" timestamp="2 Sep 2016 09:05:09 GMT" time="113.423" errors="0">
  <testcase name="testlogin" time="8.536" classname="com.companyname.projectname.testscripts.TC001_testLogin"/>
  <testcase name="testRegistraionWithValidData" time="21.238" classname="com.companyname.projectname.testscripts.TC002_testRegistraion">
    <failure type="java.lang.AssertionError" message="Registration test is fail expected [true] but found [false]">
      <![CDATA[java.lang.AssertionError: Registration test is fail expected [true] but found [false]
	at com.companyname.projectname.testscripts.TC002_testRegistraion.testRegistraionWithValidData(TC002_testRegistraion.java:49)
... Removed 28 stack frames]]>
    </failure>
  </testcase> <!-- testRegistraionWithValidData -->
  <testcase name="testRegistraionWithInvalidData" time="10.948" classname="com.companyname.projectname.testscripts.TC002_testRegistraion"/>
</testsuite> <!-- Test -->
