<?xml version="1.0" encoding="UTF-8"?>
<testng-results skipped="1" failed="0" total="5" passed="4">
  <reporter-output>
  </reporter-output>
  <suite name="Default suite" duration-ms="46820" started-at="2016-09-18T11:52:17Z" finished-at="2016-09-18T11:53:04Z">
    <groups>
    </groups>
    <test name="Default test" duration-ms="46820" started-at="2016-09-18T11:52:17Z" finished-at="2016-09-18T11:53:04Z">
      <class name="com.companyname.projectname.testscripts.TC001_testLoginThroughDataProvider">
        <test-method status="PASS" signature="setUP()[pri:0, instance:com.companyname.projectname.testscripts.TC001_testLoginThroughDataProvider@2e55d1ef]" name="setUP" is-config="true" duration-ms="8618" started-at="2016-09-18T17:22:17Z" finished-at="2016-09-18T17:22:25Z">
          <reporter-output>
          </reporter-output>
        </test-method> <!-- setUP -->
        <test-method status="PASS" signature="testlogin(java.lang.String, java.lang.String, java.lang.String, java.lang.String)[pri:0, instance:com.companyname.projectname.testscripts.TC001_testLoginThroughDataProvider@2e55d1ef]" name="testlogin" duration-ms="10423" started-at="2016-09-18T17:22:26Z" data-provider="loginData" finished-at="2016-09-18T17:22:37Z">
          <params>
            <param index="0">
              <value>
                <![CDATA[TC001]]>
              </value>
            </param>
            <param index="1">
              <value>
                <![CDATA[test902@gmail.com]]>
              </value>
            </param>
            <param index="2">
              <value>
                <![CDATA[password]]>
              </value>
            </param>
            <param index="3">
              <value>
                <![CDATA[Y]]>
              </value>
            </param>
          </params>
          <reporter-output>
          </reporter-output>
        </test-method> <!-- testlogin -->
        <test-method status="PASS" signature="testlogin(java.lang.String, java.lang.String, java.lang.String, java.lang.String)[pri:0, instance:com.companyname.projectname.testscripts.TC001_testLoginThroughDataProvider@2e55d1ef]" name="testlogin" duration-ms="9263" started-at="2016-09-18T17:22:37Z" data-provider="loginData" finished-at="2016-09-18T17:22:46Z">
          <params>
            <param index="0">
              <value>
                <![CDATA[TC002]]>
              </value>
            </param>
            <param index="1">
              <value>
                <![CDATA[test902@gmail.com]]>
              </value>
            </param>
            <param index="2">
              <value>
                <![CDATA[password]]>
              </value>
            </param>
            <param index="3">
              <value>
                <![CDATA[Y]]>
              </value>
            </param>
          </params>
          <reporter-output>
          </reporter-output>
        </test-method> <!-- testlogin -->
        <test-method status="SKIP" signature="testlogin(java.lang.String, java.lang.String, java.lang.String, java.lang.String)[pri:0, instance:com.companyname.projectname.testscripts.TC001_testLoginThroughDataProvider@2e55d1ef]" name="testlogin" duration-ms="3" started-at="2016-09-18T17:22:46Z" data-provider="loginData" finished-at="2016-09-18T17:22:46Z">
          <params>
            <param index="0">
              <value>
                <![CDATA[TC003]]>
              </value>
            </param>
            <param index="1">
              <value>
                <![CDATA[test902@gmail.com]]>
              </value>
            </param>
            <param index="2">
              <value>
                <![CDATA[password]]>
              </value>
            </param>
            <param index="3">
              <value>
                <![CDATA[N]]>
              </value>
            </param>
          </params>
          <exception class="org.testng.SkipException">
            <message>
              <![CDATA[Skipping the test]]>
            </message>
            <full-stacktrace>
              <![CDATA[org.testng.SkipException: Skipping the test
	at com.companyname.projectname.testscripts.TC001_testLoginThroughDataProvider.testlogin(TC001_testLoginThroughDataProvider.java:53)
	at sun.reflect.NativeMethodAccessorImpl.invoke0(Native Method)
	at sun.reflect.NativeMethodAccessorImpl.invoke(NativeMethodAccessorImpl.java:57)
	at sun.reflect.DelegatingMethodAccessorImpl.invoke(DelegatingMethodAccessorImpl.java:43)
	at java.lang.reflect.Method.invoke(Method.java:601)
	at org.testng.internal.MethodInvocationHelper.invokeMethod(MethodInvocationHelper.java:100)
	at org.testng.internal.Invoker.invokeMethod(Invoker.java:646)
	at org.testng.internal.Invoker.invokeTestMethod(Invoker.java:811)
	at org.testng.internal.Invoker.invokeTestMethods(Invoker.java:1129)
	at org.testng.internal.TestMethodWorker.invokeTestMethods(TestMethodWorker.java:129)
	at org.testng.internal.TestMethodWorker.run(TestMethodWorker.java:112)
	at org.testng.TestRunner.privateRun(TestRunner.java:746)
	at org.testng.TestRunner.run(TestRunner.java:600)
	at org.testng.SuiteRunner.runTest(SuiteRunner.java:366)
	at org.testng.SuiteRunner.runSequentially(SuiteRunner.java:361)
	at org.testng.SuiteRunner.privateRun(SuiteRunner.java:319)
	at org.testng.SuiteRunner.run(SuiteRunner.java:268)
	at org.testng.SuiteRunnerWorker.runSuite(SuiteRunnerWorker.java:52)
	at org.testng.SuiteRunnerWorker.run(SuiteRunnerWorker.java:86)
	at org.testng.TestNG.runSuitesSequentially(TestNG.java:1264)
	at org.testng.TestNG.runSuitesLocally(TestNG.java:1189)
	at org.testng.TestNG.runSuites(TestNG.java:1104)
	at org.testng.TestNG.run(TestNG.java:1076)
	at org.testng.remote.AbstractRemoteTestNG.run(AbstractRemoteTestNG.java:126)
	at org.testng.remote.RemoteTestNG.initAndRun(RemoteTestNG.java:152)
	at org.testng.remote.RemoteTestNG.main(RemoteTestNG.java:57)
]]>
            </full-stacktrace>
          </exception> <!-- org.testng.SkipException -->
          <reporter-output>
          </reporter-output>
        </test-method> <!-- testlogin -->
        <test-method status="PASS" signature="testlogin(java.lang.String, java.lang.String, java.lang.String, java.lang.String)[pri:0, instance:com.companyname.projectname.testscripts.TC001_testLoginThroughDataProvider@2e55d1ef]" name="testlogin" duration-ms="8978" started-at="2016-09-18T17:22:46Z" data-provider="loginData" finished-at="2016-09-18T17:22:55Z">
          <params>
            <param index="0">
              <value>
                <![CDATA[TC004]]>
              </value>
            </param>
            <param index="1">
              <value>
                <![CDATA[test902@gmail.com]]>
              </value>
            </param>
            <param index="2">
              <value>
                <![CDATA[password]]>
              </value>
            </param>
            <param index="3">
              <value>
                <![CDATA[Y]]>
              </value>
            </param>
          </params>
          <reporter-output>
          </reporter-output>
        </test-method> <!-- testlogin -->
        <test-method status="PASS" signature="testlogin(java.lang.String, java.lang.String, java.lang.String, java.lang.String)[pri:0, instance:com.companyname.projectname.testscripts.TC001_testLoginThroughDataProvider@2e55d1ef]" name="testlogin" duration-ms="8421" started-at="2016-09-18T17:22:55Z" data-provider="loginData" finished-at="2016-09-18T17:23:04Z">
          <params>
            <param index="0">
              <value>
                <![CDATA[TC005]]>
              </value>
            </param>
            <param index="1">
              <value>
                <![CDATA[test902@gmail.com]]>
              </value>
            </param>
            <param index="2">
              <value>
                <![CDATA[password]]>
              </value>
            </param>
            <param index="3">
              <value>
                <![CDATA[Y]]>
              </value>
            </param>
          </params>
          <reporter-output>
          </reporter-output>
        </test-method> <!-- testlogin -->
        <test-method status="PASS" signature="quitBrowser()[pri:0, instance:com.companyname.projectname.testscripts.TC001_testLoginThroughDataProvider@2e55d1ef]" name="quitBrowser" is-config="true" duration-ms="89" started-at="2016-09-18T17:23:04Z" finished-at="2016-09-18T17:23:04Z">
          <reporter-output>
          </reporter-output>
        </test-method> <!-- quitBrowser -->
      </class> <!-- com.companyname.projectname.testscripts.TC001_testLoginThroughDataProvider -->
    </test> <!-- Default test -->
  </suite> <!-- Default suite -->
</testng-results>
