<?xml version="1.0" encoding="UTF-8"?>
<!-- Generated by org.testng.reporters.JUnitXMLReporter -->
<testsuite hostname="BANL149add40f.local" name="Test" tests="2"
	failures="0" timestamp="30 Aug 2016 17:48:12 GMT" time="63.014" errors="0">
	<testcase name="testlogin" time="10.168"
		classname="com.companyname.projectname.testscripts.TC001_testLogin" />
	<testcase name="testRegistraion" time="18.37"
		classname="com.companyname.projectname.testscripts.TC002_testRegistraion" />
</testsuite> <!-- Test -->
